Build started 6/1/2015 6:33:16 PM.
     1>Project "C:\Users\Sayan\Dropbox\GSoC_2015\Implementation\Read_data\cvtest\cvtest\cvtest.vcxproj" on node 2 (build target(s)).
     1>InitializeBuildStatus:
         Touching "Debug\cvtest.unsuccessfulbuild".
       ClCompile:
         c:\Program Files (x86)\Microsoft Visual Studio 10.0\VC\bin\CL.exe /c /IC:\opencv\build\include\opencv2 /IC:\opencv\build\include\opencv /IC:\opencv\build\include /I"C:\Program Files\MATLAB\MATLAB Compiler Runtime\v81\bin\win64" /I"C:\Program Files\MATLAB\R2013a\extern\include" /I"C:\Users\Sayan\Dropbox\GSoC_2015\Implementation\alglib-3.9.0.cpp.gpl_test\cpp\src" /ZI /nologo /W3 /WX- /Od /Oy- /D WIN32 /D _DEBUG /D _CONSOLE /D _UNICODE /D UNICODE /D _AFXDLL /Gm /EHsc /RTC1 /MDd /GS /fp:precise /Zc:wchar_t /Zc:forScope /Yu"StdAfx.h" /Fp"Debug\cvtest.pch" /Fo"Debug\\" /Fd"Debug\vc100.pdb" /Gd /TP /analyze- /errorReport:prompt interpolation_test.cpp
         interpolation_test.cpp
       ManifestResourceCompile:
         All outputs are up-to-date.
       Link:
         c:\Program Files (x86)\Microsoft Visual Studio 10.0\VC\bin\link.exe /ERRORREPORT:PROMPT /OUT:"C:\Users\Sayan\Dropbox\GSoC_2015\Implementation\Read_data\cvtest\Debug\cvtest.exe" /INCREMENTAL /NOLOGO /LIBPATH:C:\opencv\build\x64\vc10\lib opencv_core244d.lib opencv_imgproc244d.lib opencv_highgui244d.lib opencv_ml244d.lib opencv_video244d.lib opencv_features2d244d.lib opencv_calib3d244d.lib opencv_objdetect244d.lib opencv_contrib244d.lib opencv_legacy244d.lib opencv_flann244d.lib "C:\Program Files\MATLAB\R2013a\extern\lib\win64\microsoft\libmx.lib" "C:\Program Files\MATLAB\R2013a\extern\lib\win64\microsoft\libmex.lib" "C:\Program Files\MATLAB\R2013a\extern\lib\win64\microsoft\libmat.lib" "C:\Users\Sayan\Dropbox\GSoC_2015\Implementation\alglib-3.9.0.cpp.gpl_test\cpp\src\ap.o" /MANIFEST /ManifestFile:"Debug\cvtest.exe.intermediate.manifest" /MANIFESTUAC:"level='asInvoker' uiAccess='false'" /DEBUG /PDB:"C:\Users\Sayan\Dropbox\GSoC_2015\Implementation\Read_data\cvtest\Debug\cvtest.pdb" /SUBSYSTEM:CONSOLE /TLBID:1 /DYNAMICBASE /NXCOMPAT /IMPLIB:"C:\Users\Sayan\Dropbox\GSoC_2015\Implementation\Read_data\cvtest\Debug\cvtest.lib" /MACHINE:X86 Debug\cvtest.exe.embed.manifest.res
         Debug\interpolation_test.obj
         Debug\stdafx.obj
     1>ap.o : fatal error LNK1143: invalid or corrupt file: no symbol for COMDAT section 0xBC
     1>Done Building Project "C:\Users\Sayan\Dropbox\GSoC_2015\Implementation\Read_data\cvtest\cvtest\cvtest.vcxproj" (build target(s)) -- FAILED.

Build FAILED.

Time Elapsed 00:00:01.04
