Build started 4/17/2013 9:21:57 AM.
     1>Project "C:\Users\Sayan\Desktop\In_Progress\test\cvtest\cvtest\cvtest.vcxproj" on node 2 (build target(s)).
     1>InitializeBuildStatus:
         Creating "x64\Release\cvtest.unsuccessfulbuild" because "AlwaysCreate" was specified.
       ClCompile:
         c:\Program Files (x86)\Microsoft Visual Studio 10.0\VC\bin\x86_amd64\CL.exe /c /IC:\opencv\build\include /IC:\opencv\build\include\opencv /IC:\opencv\build\include\opencv2 /Zi /nologo /W3 /WX- /O2 /Oi /GL /D WIN32 /D NDEBUG /D _CONSOLE /D _UNICODE /D UNICODE /Gm- /EHsc /MD /GS /Gy /fp:precise /Zc:wchar_t /Zc:forScope /Yu"StdAfx.h" /Fp"x64\Release\cvtest.pch" /Fo"x64\Release\\" /Fd"x64\Release\vc100.pdb" /Gd /TP /errorReport:prompt Source1.cpp stdafx.cpp
         Source1.cpp
     1>Source1.cpp(66): warning C4244: '=' : conversion from 'double' to 'float', possible loss of data
     1>Source1.cpp(69): warning C4244: '=' : conversion from 'double' to 'float', possible loss of data
         stdafx.cpp
     1>stdafx.cpp(5): fatal error C1854: cannot overwrite information formed during creation of the precompiled header in object file: 'c:\users\sayan\desktop\in_progress\test\cvtest\cvtest\x64\release\stdafx.obj'
     1>Done Building Project "C:\Users\Sayan\Desktop\In_Progress\test\cvtest\cvtest\cvtest.vcxproj" (build target(s)) -- FAILED.

Build FAILED.

Time Elapsed 00:00:01.72
